src/Dalarm/app/build/outputs/logs/manifest-merger-debug-report.txt
-- Merging decision tree log ---
manifest
ADDED from src\main\AndroidManifest.xml:2:1-52:12
	package
		ADDED from src\main\AndroidManifest.xml:3:5-28
		INJECTED from src\main\AndroidManifest.xml
		INJECTED from src\main\AndroidManifest.xml
	android:versionName
		INJECTED from src\main\AndroidManifest.xml
		INJECTED from src\main\AndroidManifest.xml
	xmlns:android
		ADDED from src\main\AndroidManifest.xml:2:11-69
	android:versionCode
		INJECTED from src\main\AndroidManifest.xml
		INJECTED from src\main\AndroidManifest.xml
uses-permission#android.permission.WAKE_LOCK
ADDED from src\main\AndroidManifest.xml:5:5-68
	android:name
		ADDED from src\main\AndroidManifest.xml:5:22-65
uses-permission#android.permission.VIBRATE
ADDED from src\main\AndroidManifest.xml:6:5-66
	android:name
		ADDED from src\main\AndroidManifest.xml:6:22-63
uses-permission#android.permission.RECEIVE_BOOT_COMPLETED
ADDED from src\main\AndroidManifest.xml:7:5-81
	android:name
		ADDED from src\main\AndroidManifest.xml:7:22-78
uses-permission#android.permission.INTERNET
ADDED from src\main\AndroidManifest.xml:8:5-67
	android:name
		ADDED from src\main\AndroidManifest.xml:8:22-64
application
ADDED from src\main\AndroidManifest.xml:10:5-50:19
MERGED from [com.android.support:design:25.1.0] AndroidManifest.xml:25:5-20
MERGED from [com.android.support:appcompat-v7:25.1.0] AndroidManifest.xml:25:5-20
MERGED from [com.android.support:animated-vector-drawable:25.1.0] AndroidManifest.xml:22:5-20
MERGED from [com.android.support:support-vector-drawable:25.1.0] AndroidManifest.xml:23:5-20
MERGED from [com.android.support:transition:25.1.0] AndroidManifest.xml:22:5-20
MERGED from [com.google.android.gms:play-services-appindexing:8.4.0] AndroidManifest.xml:19:5-20
MERGED from [com.google.android.gms:play-services-basement:8.4.0] AndroidManifest.xml:20:5-24:19
MERGED from [com.android.support:support-v4:25.1.0] AndroidManifest.xml:25:5-20
MERGED from [com.android.support:support-fragment:25.1.0] AndroidManifest.xml:25:5-20
MERGED from [com.android.support:support-media-compat:25.1.0] AndroidManifest.xml:25:5-20
MERGED from [com.android.support:support-core-ui:25.1.0] AndroidManifest.xml:25:5-20
MERGED from [com.android.support:support-core-utils:25.1.0] AndroidManifest.xml:25:5-20
MERGED from [com.android.support:support-compat:25.1.0] AndroidManifest.xml:25:5-20
	android:label
		ADDED from src\main\AndroidManifest.xml:13:9-41
	android:supportsRtl
		ADDED from src\main\AndroidManifest.xml:14:9-35
	android:allowBackup
		ADDED from src\main\AndroidManifest.xml:11:9-35
	android:icon
		ADDED from src\main\AndroidManifest.xml:12:9-43
	android:theme
		ADDED from src\main\AndroidManifest.xml:15:9-40
activity#kr.seon.alarm.SplashActivity
ADDED from src\main\AndroidManifest.xml:18:9-27:20
	android:screenOrientation
		ADDED from src\main\AndroidManifest.xml:20:13-49
	android:theme
		ADDED from src\main\AndroidManifest.xml:21:13-47
	android:name
		ADDED from src\main\AndroidManifest.xml:19:13-43
intent-filter#android.intent.action.MAIN+android.intent.category.LAUNCHER
ADDED from src\main\AndroidManifest.xml:22:13-26:29
action#android.intent.action.MAIN
ADDED from src\main\AndroidManifest.xml:23:17-69
	android:name
		ADDED from src\main\AndroidManifest.xml:23:25-66
category#android.intent.category.LAUNCHER
ADDED from src\main\AndroidManifest.xml:25:17-77
	android:name
		ADDED from src\main\AndroidManifest.xml:25:27-74
activity#kr.seon.alarm.MainActivity
ADDED from src\main\AndroidManifest.xml:29:9-50
	android:name
		ADDED from src\main\AndroidManifest.xml:29:19-47
activity#kr.seon.alarm.removeActivity
ADDED from src\main\AndroidManifest.xml:30:9-34:20
	android:name
		ADDED from src\main\AndroidManifest.xml:30:19-49
intent-filter#AlarmRemove
ADDED from src\main\AndroidManifest.xml:31:13-33:29
action#AlarmRemove
ADDED from src\main\AndroidManifest.xml:32:17-54
	android:name
		ADDED from src\main\AndroidManifest.xml:32:25-51
receiver#kr.seon.alarm.AlarmReceiver
ADDED from src\main\AndroidManifest.xml:36:9-42:20
	android:exported
		ADDED from src\main\AndroidManifest.xml:38:13-36
	android:name
		ADDED from src\main\AndroidManifest.xml:37:13-42
intent-filter#AlarmReceiver
ADDED from src\main\AndroidManifest.xml:39:13-41:29
action#AlarmReceiver
ADDED from src\main\AndroidManifest.xml:40:17-56
	android:name
		ADDED from src\main\AndroidManifest.xml:40:25-53
activity#kr.seon.alarm.AlarmNotification
ADDED from src\main\AndroidManifest.xml:44:9-55
	android:name
		ADDED from src\main\AndroidManifest.xml:44:19-52
activity#kr.seon.alarm.EditAlarm
ADDED from src\main\AndroidManifest.xml:45:9-56
	android:name
		ADDED from src\main\AndroidManifest.xml:45:19-44
meta-data#com.google.android.gms.version
ADDED from src\main\AndroidManifest.xml:47:9-49:69
MERGED from [com.google.android.gms:play-services-basement:8.4.0] AndroidManifest.xml:21:9-23:69
	android:value
		ADDED from src\main\AndroidManifest.xml:49:13-66
	android:name
		ADDED from src\main\AndroidManifest.xml:48:13-58
uses-sdk
INJECTED from src\main\AndroidManifest.xml reason: use-sdk injection requested
MERGED from [com.android.support:design:25.1.0] AndroidManifest.xml:21:5-23:62
MERGED from [com.android.support:appcompat-v7:25.1.0] AndroidManifest.xml:21:5-23:78
MERGED from [com.android.support:animated-vector-drawable:25.1.0] AndroidManifest.xml:20:5-44
MERGED from [com.android.support:support-vector-drawable:25.1.0] AndroidManifest.xml:21:5-43
MERGED from [com.android.support:recyclerview-v7:25.1.0] AndroidManifest.xml:20:5-43
MERGED from [com.android.support:transition:25.1.0] AndroidManifest.xml:20:5-44
MERGED from [com.google.android.gms:play-services-appindexing:8.4.0] AndroidManifest.xml:18:5-42
MERGED from [com.google.android.gms:play-services-base:8.4.0] AndroidManifest.xml:18:5-42
MERGED from [com.google.android.gms:play-services-basement:8.4.0] AndroidManifest.xml:18:5-42
MERGED from [com.android.support:support-v4:25.1.0] AndroidManifest.xml:21:5-23:54
MERGED from [com.android.support:support-fragment:25.1.0] AndroidManifest.xml:21:5-23:60
MERGED from [com.android.support:support-media-compat:25.1.0] AndroidManifest.xml:21:5-23:63
MERGED from [com.android.support:support-core-ui:25.1.0] AndroidManifest.xml:21:5-23:58
MERGED from [com.android.support:support-core-utils:25.1.0] AndroidManifest.xml:21:5-23:61
MERGED from [com.android.support:support-compat:25.1.0] AndroidManifest.xml:21:5-23:58
	tools:overrideLibrary
		ADDED from [com.android.support:design:25.1.0] AndroidManifest.xml:23:9-59
	android:targetSdkVersion
		INJECTED from src\main\AndroidManifest.xml
		INJECTED from src\main\AndroidManifest.xml
	android:minSdkVersion
		INJECTED from src\main\AndroidManifest.xml
		INJECTED from src\main\AndroidManifest.xml